<?xml version="1.0" encoding="UTF-8"?>
<!-- Generated by org.testng.reporters.JUnitReportReporter -->
<testsuite skipped="0" hostname="Manish" name="com.mtech.Application" tests="1" failures="0" timestamp="27 Jul 2019 17:07:26 GMT" time="0.026" errors="0">
  <testcase name="test" time="0.026" classname="com.mtech.Application"/>
</testsuite> <!-- com.mtech.Application -->
